2025-09-02 16:40:22,505 [Worker-5: Loading available Gradle versions] INFO  o.e.b.c.i.u.g.PublishedGradleVersions - Gradle version information cache is up-to-date. Trying to read.
2025-09-02 16:40:51,865 [Worker-42: Importing Maven projects] INFO  o.e.m.c.i.e.AbstractTransferListenerAdapter - Downloading https://repo.spring.io/snapshot/org/springframework/boot/spring-boot-starter-parent/3.5.6-SNAPSHOT/maven-metadata.xml
2025-09-02 16:40:51,898 [Worker-42: Importing Maven projects] INFO  o.e.m.c.i.e.AbstractTransferListenerAdapter - Downloaded https://repo.spring.io/snapshot/org/springframework/boot/spring-boot-starter-parent/3.5.6-SNAPSHOT/maven-metadata.xml
2025-09-02 16:40:52,263 [Worker-42: Importing Maven projects] INFO  o.e.m.c.i.e.AbstractTransferListenerAdapter - Downloading https://repo.spring.io/snapshot/org/springframework/boot/spring-boot-starter-parent/3.5.6-SNAPSHOT/spring-boot-starter-parent-3.5.6-20250901.153700-8.pom
2025-09-02 16:40:52,576 [Worker-42: Importing Maven projects] INFO  o.e.m.c.i.e.AbstractTransferListenerAdapter - Downloaded https://repo.spring.io/snapshot/org/springframework/boot/spring-boot-starter-parent/3.5.6-SNAPSHOT/spring-boot-starter-parent-3.5.6-20250901.153700-8.pom
2025-09-02 16:40:53,026 [Worker-42: Importing Maven projects] INFO  o.e.m.c.i.e.AbstractTransferListenerAdapter - Downloading https://repo.spring.io/snapshot/org/springframework/boot/spring-boot-dependencies/3.5.6-SNAPSHOT/maven-metadata.xml
2025-09-02 16:40:53,031 [Worker-42: Importing Maven projects] INFO  o.e.m.c.i.e.AbstractTransferListenerAdapter - Downloaded https://repo.spring.io/snapshot/org/springframework/boot/spring-boot-dependencies/3.5.6-SNAPSHOT/maven-metadata.xml
2025-09-02 16:40:53,357 [Worker-42: Importing Maven projects] INFO  o.e.m.c.i.e.AbstractTransferListenerAdapter - Downloading https://repo.spring.io/snapshot/org/springframework/boot/spring-boot-dependencies/3.5.6-SNAPSHOT/spring-boot-dependencies-3.5.6-20250901.153700-8.pom
2025-09-02 16:40:54,058 [Worker-42: Importing Maven projects] INFO  o.e.m.c.i.e.AbstractTransferListenerAdapter - Downloaded https://repo.spring.io/snapshot/org/springframework/boot/spring-boot-dependencies/3.5.6-SNAPSHOT/spring-boot-dependencies-3.5.6-20250901.153700-8.pom
2025-09-02 16:40:55,357 [Worker-42: Importing Maven projects] INFO  o.e.m.c.i.e.AbstractTransferListenerAdapter - Downloading https://repo.spring.io/snapshot/org/springframework/boot/spring-boot-maven-plugin/3.5.6-SNAPSHOT/maven-metadata.xml
2025-09-02 16:40:55,369 [Worker-42: Importing Maven projects] INFO  o.e.m.c.i.e.AbstractTransferListenerAdapter - Downloaded https://repo.spring.io/snapshot/org/springframework/boot/spring-boot-maven-plugin/3.5.6-SNAPSHOT/maven-metadata.xml
2025-09-02 16:40:55,738 [Worker-42: Importing Maven projects] INFO  o.e.m.c.i.e.AbstractTransferListenerAdapter - Downloading https://repo.spring.io/snapshot/org/springframework/boot/spring-boot-maven-plugin/3.5.6-SNAPSHOT/spring-boot-maven-plugin-3.5.6-20250901.153700-8.pom
2025-09-02 16:40:55,748 [Worker-42: Importing Maven projects] INFO  o.e.m.c.i.e.AbstractTransferListenerAdapter - Downloaded https://repo.spring.io/snapshot/org/springframework/boot/spring-boot-maven-plugin/3.5.6-SNAPSHOT/spring-boot-maven-plugin-3.5.6-20250901.153700-8.pom
2025-09-02 16:40:56,096 [Worker-42: Importing Maven projects] INFO  o.e.m.c.i.e.AbstractTransferListenerAdapter - Downloading https://repo.spring.io/snapshot/org/springframework/boot/spring-boot-maven-plugin/3.5.6-SNAPSHOT/spring-boot-maven-plugin-3.5.6-20250901.153700-8.jar
2025-09-02 16:40:56,933 [Worker-42: Importing Maven projects] INFO  o.e.m.c.i.e.AbstractTransferListenerAdapter - Downloaded https://repo.spring.io/snapshot/org/springframework/boot/spring-boot-maven-plugin/3.5.6-SNAPSHOT/spring-boot-maven-plugin-3.5.6-20250901.153700-8.jar
2025-09-02 16:40:57,496 [Worker-42: Importing Maven projects] INFO  o.e.m.c.i.l.LifecycleMappingFactory - Using org.eclipse.m2e.jdt.JarLifecycleMapping lifecycle mapping for MavenProject: com.drakpa:keycloak:0.0.1-SNAPSHOT @ D:\GoBhutan\microservices\hotel-service-admin\hotel-admin\pom.xml.
2025-09-02 16:40:57,840 [Worker-42: Importing Maven projects] INFO  o.e.m.c.i.e.AbstractTransferListenerAdapter - Downloading https://repo.spring.io/snapshot/org/springframework/boot/spring-boot-starter-oauth2-resource-server/3.5.6-SNAPSHOT/maven-metadata.xml
2025-09-02 16:40:57,852 [Worker-42: Importing Maven projects] INFO  o.e.m.c.i.e.AbstractTransferListenerAdapter - Downloaded https://repo.spring.io/snapshot/org/springframework/boot/spring-boot-starter-oauth2-resource-server/3.5.6-SNAPSHOT/maven-metadata.xml
2025-09-02 16:40:58,183 [Worker-42: Importing Maven projects] INFO  o.e.m.c.i.e.AbstractTransferListenerAdapter - Downloading https://repo.spring.io/snapshot/org/springframework/boot/spring-boot-starter-oauth2-resource-server/3.5.6-SNAPSHOT/spring-boot-starter-oauth2-resource-server-3.5.6-20250901.153700-8.pom
2025-09-02 16:40:58,191 [Worker-42: Importing Maven projects] INFO  o.e.m.c.i.e.AbstractTransferListenerAdapter - Downloaded https://repo.spring.io/snapshot/org/springframework/boot/spring-boot-starter-oauth2-resource-server/3.5.6-SNAPSHOT/spring-boot-starter-oauth2-resource-server-3.5.6-20250901.153700-8.pom
2025-09-02 16:40:58,636 [Worker-42: Importing Maven projects] INFO  o.e.m.c.i.e.AbstractTransferListenerAdapter - Downloading https://repo.spring.io/snapshot/org/springframework/boot/spring-boot-starter/3.5.6-SNAPSHOT/maven-metadata.xml
2025-09-02 16:40:58,641 [Worker-42: Importing Maven projects] INFO  o.e.m.c.i.e.AbstractTransferListenerAdapter - Downloaded https://repo.spring.io/snapshot/org/springframework/boot/spring-boot-starter/3.5.6-SNAPSHOT/maven-metadata.xml
2025-09-02 16:40:59,257 [Worker-42: Importing Maven projects] INFO  o.e.m.c.i.e.AbstractTransferListenerAdapter - Downloading https://repo.spring.io/snapshot/org/springframework/boot/spring-boot-starter/3.5.6-SNAPSHOT/spring-boot-starter-3.5.6-20250901.153700-8.pom
2025-09-02 16:40:59,266 [Worker-42: Importing Maven projects] INFO  o.e.m.c.i.e.AbstractTransferListenerAdapter - Downloaded https://repo.spring.io/snapshot/org/springframework/boot/spring-boot-starter/3.5.6-SNAPSHOT/spring-boot-starter-3.5.6-20250901.153700-8.pom
2025-09-02 16:40:59,594 [Worker-42: Importing Maven projects] INFO  o.e.m.c.i.e.AbstractTransferListenerAdapter - Downloading https://repo.spring.io/snapshot/org/springframework/boot/spring-boot/3.5.6-SNAPSHOT/maven-metadata.xml
2025-09-02 16:40:59,600 [Worker-42: Importing Maven projects] INFO  o.e.m.c.i.e.AbstractTransferListenerAdapter - Downloaded https://repo.spring.io/snapshot/org/springframework/boot/spring-boot/3.5.6-SNAPSHOT/maven-metadata.xml
2025-09-02 16:40:59,989 [Worker-42: Importing Maven projects] INFO  o.e.m.c.i.e.AbstractTransferListenerAdapter - Downloading https://repo.spring.io/snapshot/org/springframework/boot/spring-boot/3.5.6-SNAPSHOT/spring-boot-3.5.6-20250901.153700-8.pom
2025-09-02 16:40:59,996 [Worker-42: Importing Maven projects] INFO  o.e.m.c.i.e.AbstractTransferListenerAdapter - Downloaded https://repo.spring.io/snapshot/org/springframework/boot/spring-boot/3.5.6-SNAPSHOT/spring-boot-3.5.6-20250901.153700-8.pom
2025-09-02 16:41:00,400 [Worker-42: Importing Maven projects] INFO  o.e.m.c.i.e.AbstractTransferListenerAdapter - Downloading https://repo.spring.io/snapshot/org/springframework/boot/spring-boot-autoconfigure/3.5.6-SNAPSHOT/maven-metadata.xml
2025-09-02 16:41:00,407 [Worker-42: Importing Maven projects] INFO  o.e.m.c.i.e.AbstractTransferListenerAdapter - Downloaded https://repo.spring.io/snapshot/org/springframework/boot/spring-boot-autoconfigure/3.5.6-SNAPSHOT/maven-metadata.xml
2025-09-02 16:41:00,772 [Worker-42: Importing Maven projects] INFO  o.e.m.c.i.e.AbstractTransferListenerAdapter - Downloading https://repo.spring.io/snapshot/org/springframework/boot/spring-boot-autoconfigure/3.5.6-SNAPSHOT/spring-boot-autoconfigure-3.5.6-20250901.153700-8.pom
2025-09-02 16:41:00,783 [Worker-42: Importing Maven projects] INFO  o.e.m.c.i.e.AbstractTransferListenerAdapter - Downloaded https://repo.spring.io/snapshot/org/springframework/boot/spring-boot-autoconfigure/3.5.6-SNAPSHOT/spring-boot-autoconfigure-3.5.6-20250901.153700-8.pom
2025-09-02 16:41:01,218 [Worker-42: Importing Maven projects] INFO  o.e.m.c.i.e.AbstractTransferListenerAdapter - Downloading https://repo.spring.io/snapshot/org/springframework/boot/spring-boot-starter-logging/3.5.6-SNAPSHOT/maven-metadata.xml
2025-09-02 16:41:01,227 [Worker-42: Importing Maven projects] INFO  o.e.m.c.i.e.AbstractTransferListenerAdapter - Downloaded https://repo.spring.io/snapshot/org/springframework/boot/spring-boot-starter-logging/3.5.6-SNAPSHOT/maven-metadata.xml
2025-09-02 16:41:01,559 [Worker-42: Importing Maven projects] INFO  o.e.m.c.i.e.AbstractTransferListenerAdapter - Downloading https://repo.spring.io/snapshot/org/springframework/boot/spring-boot-starter-logging/3.5.6-SNAPSHOT/spring-boot-starter-logging-3.5.6-20250901.153700-8.pom
2025-09-02 16:41:01,567 [Worker-42: Importing Maven projects] INFO  o.e.m.c.i.e.AbstractTransferListenerAdapter - Downloaded https://repo.spring.io/snapshot/org/springframework/boot/spring-boot-starter-logging/3.5.6-SNAPSHOT/spring-boot-starter-logging-3.5.6-20250901.153700-8.pom
2025-09-02 16:41:02,055 [Worker-42: Importing Maven projects] INFO  o.e.m.c.i.e.AbstractTransferListenerAdapter - Downloading https://repo.spring.io/snapshot/org/springframework/boot/spring-boot-starter-security/3.5.6-SNAPSHOT/maven-metadata.xml
2025-09-02 16:41:02,062 [Worker-42: Importing Maven projects] INFO  o.e.m.c.i.e.AbstractTransferListenerAdapter - Downloaded https://repo.spring.io/snapshot/org/springframework/boot/spring-boot-starter-security/3.5.6-SNAPSHOT/maven-metadata.xml
2025-09-02 16:41:02,387 [Worker-42: Importing Maven projects] INFO  o.e.m.c.i.e.AbstractTransferListenerAdapter - Downloading https://repo.spring.io/snapshot/org/springframework/boot/spring-boot-starter-security/3.5.6-SNAPSHOT/spring-boot-starter-security-3.5.6-20250901.153700-8.pom
2025-09-02 16:41:02,397 [Worker-42: Importing Maven projects] INFO  o.e.m.c.i.e.AbstractTransferListenerAdapter - Downloaded https://repo.spring.io/snapshot/org/springframework/boot/spring-boot-starter-security/3.5.6-SNAPSHOT/spring-boot-starter-security-3.5.6-20250901.153700-8.pom
2025-09-02 16:41:02,734 [Worker-42: Importing Maven projects] INFO  o.e.m.c.i.e.AbstractTransferListenerAdapter - Downloading https://repo.spring.io/snapshot/org/springframework/boot/spring-boot-starter-web/3.5.6-SNAPSHOT/maven-metadata.xml
2025-09-02 16:41:02,743 [Worker-42: Importing Maven projects] INFO  o.e.m.c.i.e.AbstractTransferListenerAdapter - Downloaded https://repo.spring.io/snapshot/org/springframework/boot/spring-boot-starter-web/3.5.6-SNAPSHOT/maven-metadata.xml
2025-09-02 16:41:03,085 [Worker-42: Importing Maven projects] INFO  o.e.m.c.i.e.AbstractTransferListenerAdapter - Downloading https://repo.spring.io/snapshot/org/springframework/boot/spring-boot-starter-web/3.5.6-SNAPSHOT/spring-boot-starter-web-3.5.6-20250901.153700-8.pom
2025-09-02 16:41:03,093 [Worker-42: Importing Maven projects] INFO  o.e.m.c.i.e.AbstractTransferListenerAdapter - Downloaded https://repo.spring.io/snapshot/org/springframework/boot/spring-boot-starter-web/3.5.6-SNAPSHOT/spring-boot-starter-web-3.5.6-20250901.153700-8.pom
2025-09-02 16:41:03,468 [Worker-42: Importing Maven projects] INFO  o.e.m.c.i.e.AbstractTransferListenerAdapter - Downloading https://repo.spring.io/snapshot/org/springframework/boot/spring-boot-starter-json/3.5.6-SNAPSHOT/maven-metadata.xml
2025-09-02 16:41:03,474 [Worker-42: Importing Maven projects] INFO  o.e.m.c.i.e.AbstractTransferListenerAdapter - Downloaded https://repo.spring.io/snapshot/org/springframework/boot/spring-boot-starter-json/3.5.6-SNAPSHOT/maven-metadata.xml
2025-09-02 16:41:03,805 [Worker-42: Importing Maven projects] INFO  o.e.m.c.i.e.AbstractTransferListenerAdapter - Downloading https://repo.spring.io/snapshot/org/springframework/boot/spring-boot-starter-json/3.5.6-SNAPSHOT/spring-boot-starter-json-3.5.6-20250901.153700-8.pom
2025-09-02 16:41:03,817 [Worker-42: Importing Maven projects] INFO  o.e.m.c.i.e.AbstractTransferListenerAdapter - Downloaded https://repo.spring.io/snapshot/org/springframework/boot/spring-boot-starter-json/3.5.6-SNAPSHOT/spring-boot-starter-json-3.5.6-20250901.153700-8.pom
2025-09-02 16:41:04,216 [Worker-42: Importing Maven projects] INFO  o.e.m.c.i.e.AbstractTransferListenerAdapter - Downloading https://repo.spring.io/snapshot/org/springframework/boot/spring-boot-starter-tomcat/3.5.6-SNAPSHOT/maven-metadata.xml
2025-09-02 16:41:04,225 [Worker-42: Importing Maven projects] INFO  o.e.m.c.i.e.AbstractTransferListenerAdapter - Downloaded https://repo.spring.io/snapshot/org/springframework/boot/spring-boot-starter-tomcat/3.5.6-SNAPSHOT/maven-metadata.xml
2025-09-02 16:41:04,594 [Worker-42: Importing Maven projects] INFO  o.e.m.c.i.e.AbstractTransferListenerAdapter - Downloading https://repo.spring.io/snapshot/org/springframework/boot/spring-boot-starter-tomcat/3.5.6-SNAPSHOT/spring-boot-starter-tomcat-3.5.6-20250901.153700-8.pom
2025-09-02 16:41:04,601 [Worker-42: Importing Maven projects] INFO  o.e.m.c.i.e.AbstractTransferListenerAdapter - Downloaded https://repo.spring.io/snapshot/org/springframework/boot/spring-boot-starter-tomcat/3.5.6-SNAPSHOT/spring-boot-starter-tomcat-3.5.6-20250901.153700-8.pom
2025-09-02 16:41:04,957 [Worker-42: Importing Maven projects] INFO  o.e.m.c.i.e.AbstractTransferListenerAdapter - Downloading https://repo.spring.io/snapshot/org/springframework/boot/spring-boot-starter-test/3.5.6-SNAPSHOT/maven-metadata.xml
2025-09-02 16:41:04,969 [Worker-42: Importing Maven projects] INFO  o.e.m.c.i.e.AbstractTransferListenerAdapter - Downloaded https://repo.spring.io/snapshot/org/springframework/boot/spring-boot-starter-test/3.5.6-SNAPSHOT/maven-metadata.xml
2025-09-02 16:41:05,315 [Worker-42: Importing Maven projects] INFO  o.e.m.c.i.e.AbstractTransferListenerAdapter - Downloading https://repo.spring.io/snapshot/org/springframework/boot/spring-boot-starter-test/3.5.6-SNAPSHOT/spring-boot-starter-test-3.5.6-20250901.153700-8.pom
2025-09-02 16:41:05,331 [Worker-42: Importing Maven projects] INFO  o.e.m.c.i.e.AbstractTransferListenerAdapter - Downloaded https://repo.spring.io/snapshot/org/springframework/boot/spring-boot-starter-test/3.5.6-SNAPSHOT/spring-boot-starter-test-3.5.6-20250901.153700-8.pom
2025-09-02 16:41:05,717 [Worker-42: Importing Maven projects] INFO  o.e.m.c.i.e.AbstractTransferListenerAdapter - Downloading https://repo.spring.io/snapshot/org/springframework/boot/spring-boot-test/3.5.6-SNAPSHOT/maven-metadata.xml
2025-09-02 16:41:05,725 [Worker-42: Importing Maven projects] INFO  o.e.m.c.i.e.AbstractTransferListenerAdapter - Downloaded https://repo.spring.io/snapshot/org/springframework/boot/spring-boot-test/3.5.6-SNAPSHOT/maven-metadata.xml
2025-09-02 16:41:06,074 [Worker-42: Importing Maven projects] INFO  o.e.m.c.i.e.AbstractTransferListenerAdapter - Downloading https://repo.spring.io/snapshot/org/springframework/boot/spring-boot-test/3.5.6-SNAPSHOT/spring-boot-test-3.5.6-20250901.153700-8.pom
2025-09-02 16:41:06,082 [Worker-42: Importing Maven projects] INFO  o.e.m.c.i.e.AbstractTransferListenerAdapter - Downloaded https://repo.spring.io/snapshot/org/springframework/boot/spring-boot-test/3.5.6-SNAPSHOT/spring-boot-test-3.5.6-20250901.153700-8.pom
2025-09-02 16:41:06,420 [Worker-42: Importing Maven projects] INFO  o.e.m.c.i.e.AbstractTransferListenerAdapter - Downloading https://repo.spring.io/snapshot/org/springframework/boot/spring-boot-test-autoconfigure/3.5.6-SNAPSHOT/maven-metadata.xml
2025-09-02 16:41:06,429 [Worker-42: Importing Maven projects] INFO  o.e.m.c.i.e.AbstractTransferListenerAdapter - Downloaded https://repo.spring.io/snapshot/org/springframework/boot/spring-boot-test-autoconfigure/3.5.6-SNAPSHOT/maven-metadata.xml
2025-09-02 16:41:06,756 [Worker-42: Importing Maven projects] INFO  o.e.m.c.i.e.AbstractTransferListenerAdapter - Downloading https://repo.spring.io/snapshot/org/springframework/boot/spring-boot-test-autoconfigure/3.5.6-SNAPSHOT/spring-boot-test-autoconfigure-3.5.6-20250901.153700-8.pom
2025-09-02 16:41:06,767 [Worker-42: Importing Maven projects] INFO  o.e.m.c.i.e.AbstractTransferListenerAdapter - Downloaded https://repo.spring.io/snapshot/org/springframework/boot/spring-boot-test-autoconfigure/3.5.6-SNAPSHOT/spring-boot-test-autoconfigure-3.5.6-20250901.153700-8.pom
2025-09-02 16:41:07,276 [Worker-42: Importing Maven projects] INFO  o.e.m.c.i.e.AbstractTransferListenerAdapter - Downloading https://repo.spring.io/snapshot/org/springframework/boot/spring-boot-starter-oauth2-resource-server/3.5.6-SNAPSHOT/spring-boot-starter-oauth2-resource-server-3.5.6-20250901.153700-8.jar
2025-09-02 16:41:07,285 [Worker-42: Importing Maven projects] INFO  o.e.m.c.i.e.AbstractTransferListenerAdapter - Downloaded https://repo.spring.io/snapshot/org/springframework/boot/spring-boot-starter-oauth2-resource-server/3.5.6-SNAPSHOT/spring-boot-starter-oauth2-resource-server-3.5.6-20250901.153700-8.jar
2025-09-02 16:41:07,610 [BasicRepositoryConnector-repo.spring.io-0-0] INFO  o.e.m.c.i.e.AbstractTransferListenerAdapter - Downloading https://repo.spring.io/snapshot/org/springframework/boot/spring-boot-starter/3.5.6-SNAPSHOT/spring-boot-starter-3.5.6-20250901.153700-8.jar
2025-09-02 16:41:07,636 [BasicRepositoryConnector-repo.spring.io-0-0] INFO  o.e.m.c.i.e.AbstractTransferListenerAdapter - Downloaded https://repo.spring.io/snapshot/org/springframework/boot/spring-boot-starter/3.5.6-SNAPSHOT/spring-boot-starter-3.5.6-20250901.153700-8.jar
2025-09-02 16:41:07,959 [BasicRepositoryConnector-repo.spring.io-0-0] INFO  o.e.m.c.i.e.AbstractTransferListenerAdapter - Downloading https://repo.spring.io/snapshot/org/springframework/boot/spring-boot-starter-web/3.5.6-SNAPSHOT/spring-boot-starter-web-3.5.6-20250901.153700-8.jar
2025-09-02 16:41:07,967 [BasicRepositoryConnector-repo.spring.io-0-0] INFO  o.e.m.c.i.e.AbstractTransferListenerAdapter - Downloaded https://repo.spring.io/snapshot/org/springframework/boot/spring-boot-starter-web/3.5.6-SNAPSHOT/spring-boot-starter-web-3.5.6-20250901.153700-8.jar
2025-09-02 16:41:08,267 [BasicRepositoryConnector-repo.spring.io-0-3] INFO  o.e.m.c.i.e.AbstractTransferListenerAdapter - Downloading https://repo.spring.io/snapshot/org/springframework/boot/spring-boot-starter-logging/3.5.6-SNAPSHOT/spring-boot-starter-logging-3.5.6-20250901.153700-8.jar
2025-09-02 16:41:08,272 [BasicRepositoryConnector-repo.spring.io-0-3] INFO  o.e.m.c.i.e.AbstractTransferListenerAdapter - Downloaded https://repo.spring.io/snapshot/org/springframework/boot/spring-boot-starter-logging/3.5.6-SNAPSHOT/spring-boot-starter-logging-3.5.6-20250901.153700-8.jar
2025-09-02 16:41:08,286 [BasicRepositoryConnector-repo.spring.io-0-0] INFO  o.e.m.c.i.e.AbstractTransferListenerAdapter - Downloading https://repo.spring.io/snapshot/org/springframework/boot/spring-boot-starter-json/3.5.6-SNAPSHOT/spring-boot-starter-json-3.5.6-20250901.153700-8.jar
2025-09-02 16:41:08,294 [BasicRepositoryConnector-repo.spring.io-0-0] INFO  o.e.m.c.i.e.AbstractTransferListenerAdapter - Downloaded https://repo.spring.io/snapshot/org/springframework/boot/spring-boot-starter-json/3.5.6-SNAPSHOT/spring-boot-starter-json-3.5.6-20250901.153700-8.jar
2025-09-02 16:41:08,595 [BasicRepositoryConnector-repo.spring.io-0-3] INFO  o.e.m.c.i.e.AbstractTransferListenerAdapter - Downloading https://repo.spring.io/snapshot/org/springframework/boot/spring-boot-starter-tomcat/3.5.6-SNAPSHOT/spring-boot-starter-tomcat-3.5.6-20250901.153700-8.jar
2025-09-02 16:41:08,595 [BasicRepositoryConnector-repo.spring.io-0-4] INFO  o.e.m.c.i.e.AbstractTransferListenerAdapter - Downloading https://repo.spring.io/snapshot/org/springframework/boot/spring-boot-starter-security/3.5.6-SNAPSHOT/spring-boot-starter-security-3.5.6-20250901.153700-8.jar
2025-09-02 16:41:08,600 [BasicRepositoryConnector-repo.spring.io-0-3] INFO  o.e.m.c.i.e.AbstractTransferListenerAdapter - Downloaded https://repo.spring.io/snapshot/org/springframework/boot/spring-boot-starter-tomcat/3.5.6-SNAPSHOT/spring-boot-starter-tomcat-3.5.6-20250901.153700-8.jar
2025-09-02 16:41:08,603 [BasicRepositoryConnector-repo.spring.io-0-4] INFO  o.e.m.c.i.e.AbstractTransferListenerAdapter - Downloaded https://repo.spring.io/snapshot/org/springframework/boot/spring-boot-starter-security/3.5.6-SNAPSHOT/spring-boot-starter-security-3.5.6-20250901.153700-8.jar
2025-09-02 16:41:08,613 [BasicRepositoryConnector-repo.spring.io-0-0] INFO  o.e.m.c.i.e.AbstractTransferListenerAdapter - Downloading https://repo.spring.io/snapshot/org/springframework/boot/spring-boot-starter-test/3.5.6-SNAPSHOT/spring-boot-starter-test-3.5.6-20250901.153700-8.jar
2025-09-02 16:41:08,618 [BasicRepositoryConnector-repo.spring.io-0-0] INFO  o.e.m.c.i.e.AbstractTransferListenerAdapter - Downloaded https://repo.spring.io/snapshot/org/springframework/boot/spring-boot-starter-test/3.5.6-SNAPSHOT/spring-boot-starter-test-3.5.6-20250901.153700-8.jar
2025-09-02 16:41:09,418 [BasicRepositoryConnector-repo.spring.io-0-2] INFO  o.e.m.c.i.e.AbstractTransferListenerAdapter - Downloading https://repo.spring.io/snapshot/org/springframework/boot/spring-boot-autoconfigure/3.5.6-SNAPSHOT/spring-boot-autoconfigure-3.5.6-20250901.153700-8.jar
2025-09-02 16:41:09,827 [BasicRepositoryConnector-repo.spring.io-0-1] INFO  o.e.m.c.i.e.AbstractTransferListenerAdapter - Downloading https://repo.spring.io/snapshot/org/springframework/boot/spring-boot/3.5.6-SNAPSHOT/spring-boot-3.5.6-20250901.153700-8.jar
2025-09-02 16:41:10,166 [BasicRepositoryConnector-repo.spring.io-0-4] INFO  o.e.m.c.i.e.AbstractTransferListenerAdapter - Downloading https://repo.spring.io/snapshot/org/springframework/boot/spring-boot-test-autoconfigure/3.5.6-SNAPSHOT/spring-boot-test-autoconfigure-3.5.6-20250901.153700-8.jar
2025-09-02 16:41:10,202 [BasicRepositoryConnector-repo.spring.io-0-3] INFO  o.e.m.c.i.e.AbstractTransferListenerAdapter - Downloading https://repo.spring.io/snapshot/org/springframework/boot/spring-boot-test/3.5.6-SNAPSHOT/spring-boot-test-3.5.6-20250901.153700-8.jar
2025-09-02 16:41:11,601 [BasicRepositoryConnector-repo.spring.io-0-4] INFO  o.e.m.c.i.e.AbstractTransferListenerAdapter - Downloaded https://repo.spring.io/snapshot/org/springframework/boot/spring-boot-test-autoconfigure/3.5.6-SNAPSHOT/spring-boot-test-autoconfigure-3.5.6-20250901.153700-8.jar
2025-09-02 16:41:11,601 [BasicRepositoryConnector-repo.spring.io-0-3] INFO  o.e.m.c.i.e.AbstractTransferListenerAdapter - Downloaded https://repo.spring.io/snapshot/org/springframework/boot/spring-boot-test/3.5.6-SNAPSHOT/spring-boot-test-3.5.6-20250901.153700-8.jar
2025-09-02 16:41:12,245 [BasicRepositoryConnector-repo.spring.io-0-2] INFO  o.e.m.c.i.e.AbstractTransferListenerAdapter - Downloaded https://repo.spring.io/snapshot/org/springframework/boot/spring-boot-autoconfigure/3.5.6-SNAPSHOT/spring-boot-autoconfigure-3.5.6-20250901.153700-8.jar
2025-09-02 16:41:12,258 [BasicRepositoryConnector-repo.spring.io-0-1] INFO  o.e.m.c.i.e.AbstractTransferListenerAdapter - Downloaded https://repo.spring.io/snapshot/org/springframework/boot/spring-boot/3.5.6-SNAPSHOT/spring-boot-3.5.6-20250901.153700-8.jar
2025-09-02 16:41:12,939 [Worker-42: Importing Maven projects] INFO  o.e.m.j.i.AbstractJavaProjectConfigurator - Adding source folder /keycloak/src/main/java
2025-09-02 16:41:12,946 [Worker-42: Importing Maven projects] INFO  o.e.m.j.i.AbstractJavaProjectConfigurator - Adding resource folder /keycloak/src/main/resources
2025-09-02 16:41:12,947 [Worker-42: Importing Maven projects] INFO  o.e.m.j.i.AbstractJavaProjectConfigurator - Adding resource folder /keycloak/src/main/resources
2025-09-02 16:41:12,950 [Worker-42: Importing Maven projects] INFO  o.e.m.j.i.AbstractJavaProjectConfigurator - Adding source folder /keycloak/src/test/java
2025-09-02 16:41:12,951 [Worker-42: Importing Maven projects] INFO  o.e.m.j.i.AbstractJavaProjectConfigurator - Adding resource folder /keycloak/src/test/resources
2025-09-02 16:41:13,352 [Worker-42: Importing Maven projects] INFO  o.e.m.c.i.p.ProjectConfigurationManager - Imported and configured 1 project(s) in 24 sec
2025-09-02 16:41:14,493 [Worker-19: Download sources and javadoc] INFO  o.e.m.c.i.e.AbstractTransferListenerAdapter - Downloading https://repo.spring.io/snapshot/org/springframework/boot/spring-boot-starter-oauth2-resource-server/3.5.6-SNAPSHOT/spring-boot-starter-oauth2-resource-server-3.5.6-20250901.153700-8-sources.jar
2025-09-02 16:41:14,499 [Worker-19: Download sources and javadoc] INFO  o.e.m.c.i.e.AbstractTransferListenerAdapter - Downloaded https://repo.spring.io/snapshot/org/springframework/boot/spring-boot-starter-oauth2-resource-server/3.5.6-SNAPSHOT/spring-boot-starter-oauth2-resource-server-3.5.6-20250901.153700-8-sources.jar
2025-09-02 16:41:14,510 [Worker-19: Download sources and javadoc] INFO  o.e.m.j.internal.DownloadSourcesJob - Downloaded sources for org.springframework.boot:spring-boot-starter-oauth2-resource-server:3.5.6-SNAPSHOT
2025-09-02 16:41:14,621 [Worker-30: Building] INFO  o.a.m.s.f.DefaultMavenResourcesFiltering - Copying 1 resource from src\main\resources to target\classes
2025-09-02 16:41:14,702 [Worker-30: Building] INFO  o.a.m.s.f.DefaultMavenResourcesFiltering - Copying 0 resource from src\main\resources to target\classes
2025-09-02 16:41:14,708 [Worker-30: Building] INFO  o.a.m.s.f.DefaultMavenResourcesFiltering - skip non existing resourceDirectory D:\GoBhutan\microservices\hotel-service-admin\hotel-admin\src\test\resources
2025-09-02 16:41:15,939 [Worker-19: Download sources and javadoc] INFO  o.e.m.c.i.e.AbstractTransferListenerAdapter - Downloading https://repo.spring.io/snapshot/org/springframework/boot/spring-boot-starter/3.5.6-SNAPSHOT/spring-boot-starter-3.5.6-20250901.153700-8-sources.jar
2025-09-02 16:41:15,949 [Worker-19: Download sources and javadoc] INFO  o.e.m.c.i.e.AbstractTransferListenerAdapter - Downloaded https://repo.spring.io/snapshot/org/springframework/boot/spring-boot-starter/3.5.6-SNAPSHOT/spring-boot-starter-3.5.6-20250901.153700-8-sources.jar
2025-09-02 16:41:15,958 [Worker-19: Download sources and javadoc] INFO  o.e.m.j.internal.DownloadSourcesJob - Downloaded sources for org.springframework.boot:spring-boot-starter:3.5.6-SNAPSHOT
2025-09-02 16:41:18,523 [Worker-19: Download sources and javadoc] INFO  o.e.m.c.i.e.AbstractTransferListenerAdapter - Downloading https://repo.spring.io/snapshot/org/springframework/boot/spring-boot/3.5.6-SNAPSHOT/spring-boot-3.5.6-20250901.153700-8-sources.jar
2025-09-02 16:41:20,750 [Worker-19: Download sources and javadoc] INFO  o.e.m.c.i.e.AbstractTransferListenerAdapter - Downloaded https://repo.spring.io/snapshot/org/springframework/boot/spring-boot/3.5.6-SNAPSHOT/spring-boot-3.5.6-20250901.153700-8-sources.jar
2025-09-02 16:41:20,758 [Worker-19: Download sources and javadoc] INFO  o.e.m.j.internal.DownloadSourcesJob - Downloaded sources for org.springframework.boot:spring-boot:3.5.6-SNAPSHOT
2025-09-02 16:41:23,194 [Worker-19: Download sources and javadoc] INFO  o.e.m.c.i.e.AbstractTransferListenerAdapter - Downloading https://repo.spring.io/snapshot/org/springframework/boot/spring-boot-autoconfigure/3.5.6-SNAPSHOT/spring-boot-autoconfigure-3.5.6-20250901.153700-8-sources.jar
2025-09-02 16:41:25,387 [Worker-19: Download sources and javadoc] INFO  o.e.m.c.i.e.AbstractTransferListenerAdapter - Downloaded https://repo.spring.io/snapshot/org/springframework/boot/spring-boot-autoconfigure/3.5.6-SNAPSHOT/spring-boot-autoconfigure-3.5.6-20250901.153700-8-sources.jar
2025-09-02 16:41:25,396 [Worker-19: Download sources and javadoc] INFO  o.e.m.j.internal.DownloadSourcesJob - Downloaded sources for org.springframework.boot:spring-boot-autoconfigure:3.5.6-SNAPSHOT
2025-09-02 16:41:26,828 [Worker-19: Download sources and javadoc] INFO  o.e.m.c.i.e.AbstractTransferListenerAdapter - Downloading https://repo.spring.io/snapshot/org/springframework/boot/spring-boot-starter-logging/3.5.6-SNAPSHOT/spring-boot-starter-logging-3.5.6-20250901.153700-8-sources.jar
2025-09-02 16:41:26,843 [Worker-19: Download sources and javadoc] INFO  o.e.m.c.i.e.AbstractTransferListenerAdapter - Downloaded https://repo.spring.io/snapshot/org/springframework/boot/spring-boot-starter-logging/3.5.6-SNAPSHOT/spring-boot-starter-logging-3.5.6-20250901.153700-8-sources.jar
2025-09-02 16:41:26,848 [Worker-19: Download sources and javadoc] INFO  o.e.m.j.internal.DownloadSourcesJob - Downloaded sources for org.springframework.boot:spring-boot-starter-logging:3.5.6-SNAPSHOT
2025-09-02 16:41:28,301 [Worker-19: Download sources and javadoc] INFO  o.e.m.c.i.e.AbstractTransferListenerAdapter - Downloading https://repo.spring.io/snapshot/org/springframework/boot/spring-boot-starter-security/3.5.6-SNAPSHOT/spring-boot-starter-security-3.5.6-20250901.153700-8-sources.jar
2025-09-02 16:41:28,310 [Worker-19: Download sources and javadoc] INFO  o.e.m.c.i.e.AbstractTransferListenerAdapter - Downloaded https://repo.spring.io/snapshot/org/springframework/boot/spring-boot-starter-security/3.5.6-SNAPSHOT/spring-boot-starter-security-3.5.6-20250901.153700-8-sources.jar
2025-09-02 16:41:28,317 [Worker-19: Download sources and javadoc] INFO  o.e.m.j.internal.DownloadSourcesJob - Downloaded sources for org.springframework.boot:spring-boot-starter-security:3.5.6-SNAPSHOT
2025-09-02 16:41:29,279 [Worker-19: Download sources and javadoc] INFO  o.e.m.c.i.e.AbstractTransferListenerAdapter - Downloading https://repo.spring.io/snapshot/org/springframework/boot/spring-boot-starter-web/3.5.6-SNAPSHOT/spring-boot-starter-web-3.5.6-20250901.153700-8-sources.jar
2025-09-02 16:41:29,289 [Worker-19: Download sources and javadoc] INFO  o.e.m.c.i.e.AbstractTransferListenerAdapter - Downloaded https://repo.spring.io/snapshot/org/springframework/boot/spring-boot-starter-web/3.5.6-SNAPSHOT/spring-boot-starter-web-3.5.6-20250901.153700-8-sources.jar
2025-09-02 16:41:29,298 [Worker-19: Download sources and javadoc] INFO  o.e.m.j.internal.DownloadSourcesJob - Downloaded sources for org.springframework.boot:spring-boot-starter-web:3.5.6-SNAPSHOT
2025-09-02 16:41:30,728 [Worker-19: Download sources and javadoc] INFO  o.e.m.c.i.e.AbstractTransferListenerAdapter - Downloading https://repo.spring.io/snapshot/org/springframework/boot/spring-boot-starter-json/3.5.6-SNAPSHOT/spring-boot-starter-json-3.5.6-20250901.153700-8-sources.jar
2025-09-02 16:41:30,735 [Worker-19: Download sources and javadoc] INFO  o.e.m.c.i.e.AbstractTransferListenerAdapter - Downloaded https://repo.spring.io/snapshot/org/springframework/boot/spring-boot-starter-json/3.5.6-SNAPSHOT/spring-boot-starter-json-3.5.6-20250901.153700-8-sources.jar
2025-09-02 16:41:30,740 [Worker-19: Download sources and javadoc] INFO  o.e.m.j.internal.DownloadSourcesJob - Downloaded sources for org.springframework.boot:spring-boot-starter-json:3.5.6-SNAPSHOT
2025-09-02 16:41:32,246 [Worker-19: Download sources and javadoc] INFO  o.e.m.c.i.e.AbstractTransferListenerAdapter - Downloading https://repo.spring.io/snapshot/org/springframework/boot/spring-boot-starter-tomcat/3.5.6-SNAPSHOT/spring-boot-starter-tomcat-3.5.6-20250901.153700-8-sources.jar
2025-09-02 16:41:32,256 [Worker-19: Download sources and javadoc] INFO  o.e.m.c.i.e.AbstractTransferListenerAdapter - Downloaded https://repo.spring.io/snapshot/org/springframework/boot/spring-boot-starter-tomcat/3.5.6-SNAPSHOT/spring-boot-starter-tomcat-3.5.6-20250901.153700-8-sources.jar
2025-09-02 16:41:32,265 [Worker-19: Download sources and javadoc] INFO  o.e.m.j.internal.DownloadSourcesJob - Downloaded sources for org.springframework.boot:spring-boot-starter-tomcat:3.5.6-SNAPSHOT
2025-09-02 16:41:33,371 [Worker-19: Download sources and javadoc] INFO  o.e.m.c.i.e.AbstractTransferListenerAdapter - Downloading https://repo.spring.io/snapshot/org/springframework/boot/spring-boot-starter-test/3.5.6-SNAPSHOT/spring-boot-starter-test-3.5.6-20250901.153700-8-sources.jar
2025-09-02 16:41:33,380 [Worker-19: Download sources and javadoc] INFO  o.e.m.c.i.e.AbstractTransferListenerAdapter - Downloaded https://repo.spring.io/snapshot/org/springframework/boot/spring-boot-starter-test/3.5.6-SNAPSHOT/spring-boot-starter-test-3.5.6-20250901.153700-8-sources.jar
2025-09-02 16:41:33,387 [Worker-19: Download sources and javadoc] INFO  o.e.m.j.internal.DownloadSourcesJob - Downloaded sources for org.springframework.boot:spring-boot-starter-test:3.5.6-SNAPSHOT
2025-09-02 16:41:34,831 [Worker-19: Download sources and javadoc] INFO  o.e.m.c.i.e.AbstractTransferListenerAdapter - Downloading https://repo.spring.io/snapshot/org/springframework/boot/spring-boot-test/3.5.6-SNAPSHOT/spring-boot-test-3.5.6-20250901.153700-8-sources.jar
2025-09-02 16:41:35,816 [Worker-19: Download sources and javadoc] INFO  o.e.m.c.i.e.AbstractTransferListenerAdapter - Downloaded https://repo.spring.io/snapshot/org/springframework/boot/spring-boot-test/3.5.6-SNAPSHOT/spring-boot-test-3.5.6-20250901.153700-8-sources.jar
2025-09-02 16:41:35,821 [Worker-19: Download sources and javadoc] INFO  o.e.m.j.internal.DownloadSourcesJob - Downloaded sources for org.springframework.boot:spring-boot-test:3.5.6-SNAPSHOT
2025-09-02 16:41:38,129 [Worker-19: Download sources and javadoc] INFO  o.e.m.c.i.e.AbstractTransferListenerAdapter - Downloading https://repo.spring.io/snapshot/org/springframework/boot/spring-boot-test-autoconfigure/3.5.6-SNAPSHOT/spring-boot-test-autoconfigure-3.5.6-20250901.153700-8-sources.jar
2025-09-02 16:41:39,522 [Worker-19: Download sources and javadoc] INFO  o.e.m.c.i.e.AbstractTransferListenerAdapter - Downloaded https://repo.spring.io/snapshot/org/springframework/boot/spring-boot-test-autoconfigure/3.5.6-SNAPSHOT/spring-boot-test-autoconfigure-3.5.6-20250901.153700-8-sources.jar
2025-09-02 16:41:39,532 [Worker-19: Download sources and javadoc] INFO  o.e.m.j.internal.DownloadSourcesJob - Downloaded sources for org.springframework.boot:spring-boot-test-autoconfigure:3.5.6-SNAPSHOT
2025-09-02 16:41:54,361 [Worker-2: Building] INFO  o.e.m.c.i.l.LifecycleMappingFactory - Using org.eclipse.m2e.jdt.JarLifecycleMapping lifecycle mapping for MavenProject: com.drakpa:keycloak:0.0.1-SNAPSHOT @ D:\GoBhutan\microservices\hotel-service-admin\hotel-admin\pom.xml.
2025-09-02 16:41:54,824 [Worker-2: Building] INFO  o.a.m.s.f.DefaultMavenResourcesFiltering - Copying 1 resource from src\main\resources to target\classes
2025-09-02 16:41:54,827 [Worker-2: Building] INFO  o.a.m.s.f.DefaultMavenResourcesFiltering - Copying 0 resource from src\main\resources to target\classes
2025-09-02 16:41:54,831 [Worker-2: Building] INFO  o.a.m.s.f.DefaultMavenResourcesFiltering - skip non existing resourceDirectory D:\GoBhutan\microservices\hotel-service-admin\hotel-admin\src\test\resources
2025-09-02 16:41:56,774 [Worker-7: Building] INFO  o.a.m.s.f.DefaultMavenResourcesFiltering - Copying 1 resource from src\main\resources to target\classes
2025-09-02 16:41:56,793 [Worker-7: Building] INFO  o.a.m.s.f.DefaultMavenResourcesFiltering - Copying 0 resource from src\main\resources to target\classes
2025-09-02 16:41:56,800 [Worker-7: Building] INFO  o.a.m.s.f.DefaultMavenResourcesFiltering - skip non existing resourceDirectory D:\GoBhutan\microservices\hotel-service-admin\hotel-admin\src\test\resources
2025-09-02 16:42:24,392 [Worker-5: Building] INFO  o.a.m.s.f.DefaultMavenResourcesFiltering - Copying 1 resource from src\main\resources to target\classes
2025-09-02 16:42:24,402 [Worker-5: Building] INFO  o.a.m.s.f.DefaultMavenResourcesFiltering - Copying 0 resource from src\main\resources to target\classes
2025-09-02 16:42:24,406 [Worker-5: Building] INFO  o.a.m.s.f.DefaultMavenResourcesFiltering - skip non existing resourceDirectory D:\GoBhutan\microservices\hotel-service-admin\hotel-admin\src\test\resources
2025-09-02 16:42:32,259 [Worker-5: Building] INFO  o.a.m.s.f.DefaultMavenResourcesFiltering - Copying 1 resource from src\main\resources to target\classes
2025-09-02 16:42:32,263 [Worker-5: Building] INFO  o.a.m.s.f.DefaultMavenResourcesFiltering - Copying 0 resource from src\main\resources to target\classes
2025-09-02 16:42:32,265 [Worker-5: Building] INFO  o.a.m.s.f.DefaultMavenResourcesFiltering - skip non existing resourceDirectory D:\GoBhutan\microservices\hotel-service-admin\hotel-admin\src\test\resources
2025-09-02 16:42:41,867 [Worker-25: Building] INFO  o.a.m.s.f.DefaultMavenResourcesFiltering - Copying 1 resource from src\main\resources to target\classes
2025-09-02 16:42:41,870 [Worker-25: Building] INFO  o.a.m.s.f.DefaultMavenResourcesFiltering - Copying 0 resource from src\main\resources to target\classes
2025-09-02 16:42:41,873 [Worker-25: Building] INFO  o.a.m.s.f.DefaultMavenResourcesFiltering - skip non existing resourceDirectory D:\GoBhutan\microservices\hotel-service-admin\hotel-admin\src\test\resources
2025-09-02 16:42:45,349 [Worker-23: Building] INFO  o.a.m.s.f.DefaultMavenResourcesFiltering - Copying 1 resource from src\main\resources to target\classes
2025-09-02 16:42:45,369 [Worker-23: Building] INFO  o.a.m.s.f.DefaultMavenResourcesFiltering - Copying 0 resource from src\main\resources to target\classes
2025-09-02 16:42:45,374 [Worker-23: Building] INFO  o.a.m.s.f.DefaultMavenResourcesFiltering - skip non existing resourceDirectory D:\GoBhutan\microservices\hotel-service-admin\hotel-admin\src\test\resources
2025-09-02 16:42:54,947 [Worker-25: Building] INFO  o.a.m.s.f.DefaultMavenResourcesFiltering - Copying 1 resource from src\main\resources to target\classes
2025-09-02 16:42:54,952 [Worker-25: Building] INFO  o.a.m.s.f.DefaultMavenResourcesFiltering - Copying 0 resource from src\main\resources to target\classes
2025-09-02 16:42:54,957 [Worker-25: Building] INFO  o.a.m.s.f.DefaultMavenResourcesFiltering - skip non existing resourceDirectory D:\GoBhutan\microservices\hotel-service-admin\hotel-admin\src\test\resources
2025-09-02 16:43:06,620 [Worker-16: Building] INFO  o.a.m.s.f.DefaultMavenResourcesFiltering - Copying 1 resource from src\main\resources to target\classes
2025-09-02 16:43:06,624 [Worker-16: Building] INFO  o.a.m.s.f.DefaultMavenResourcesFiltering - Copying 0 resource from src\main\resources to target\classes
2025-09-02 16:43:06,626 [Worker-16: Building] INFO  o.a.m.s.f.DefaultMavenResourcesFiltering - skip non existing resourceDirectory D:\GoBhutan\microservices\hotel-service-admin\hotel-admin\src\test\resources
2025-09-02 16:44:23,279 [Worker-11: Building] INFO  o.e.m.c.i.l.LifecycleMappingFactory - Using org.eclipse.m2e.jdt.JarLifecycleMapping lifecycle mapping for MavenProject: com.drakpa:hotel:0.0.1-SNAPSHOT @ D:\GoBhutan\microservices\hotel-service-admin\hotel-admin\pom.xml.
2025-09-02 16:44:23,522 [Worker-11: Building] INFO  o.a.m.s.f.DefaultMavenResourcesFiltering - Copying 0 resource from src\main\resources to target\classes
2025-09-02 16:44:23,522 [Worker-11: Building] INFO  o.a.m.s.f.DefaultMavenResourcesFiltering - Copying 0 resource from src\main\resources to target\classes
2025-09-02 16:44:23,529 [Worker-11: Building] INFO  o.a.m.s.f.DefaultMavenResourcesFiltering - skip non existing resourceDirectory D:\GoBhutan\microservices\hotel-service-admin\hotel-admin\src\test\resources
2025-09-02 16:45:42,560 [Worker-36: Building] INFO  o.a.m.s.f.DefaultMavenResourcesFiltering - Copying 1 resource from src\main\resources to target\classes
2025-09-02 16:45:42,574 [Worker-36: Building] INFO  o.a.m.s.f.DefaultMavenResourcesFiltering - Copying 0 resource from src\main\resources to target\classes
2025-09-02 16:45:42,578 [Worker-36: Building] INFO  o.a.m.s.f.DefaultMavenResourcesFiltering - skip non existing resourceDirectory D:\GoBhutan\microservices\hotel-service-admin\hotel-admin\src\test\resources
2025-09-02 16:46:54,209 [Worker-33: Building] INFO  o.a.m.s.f.DefaultMavenResourcesFiltering - Copying 1 resource from src\main\resources to target\classes
2025-09-02 16:46:54,223 [Worker-33: Building] INFO  o.a.m.s.f.DefaultMavenResourcesFiltering - Copying 0 resource from src\main\resources to target\classes
2025-09-02 16:46:54,230 [Worker-33: Building] INFO  o.a.m.s.f.DefaultMavenResourcesFiltering - skip non existing resourceDirectory D:\GoBhutan\microservices\hotel-service-admin\hotel-admin\src\test\resources
2025-09-02 16:48:28,824 [Worker-26: Building] INFO  o.a.m.s.f.DefaultMavenResourcesFiltering - Copying 1 resource from src\main\resources to target\classes
2025-09-02 16:48:28,828 [Worker-26: Building] INFO  o.a.m.s.f.DefaultMavenResourcesFiltering - Copying 0 resource from src\main\resources to target\classes
2025-09-02 16:48:28,830 [Worker-26: Building] INFO  o.a.m.s.f.DefaultMavenResourcesFiltering - skip non existing resourceDirectory D:\GoBhutan\microservices\hotel-service-admin\hotel-admin\src\test\resources
2025-09-02 16:48:38,630 [Worker-25: Building] INFO  o.a.m.s.f.DefaultMavenResourcesFiltering - Copying 1 resource from src\main\resources to target\classes
2025-09-02 16:48:38,634 [Worker-25: Building] INFO  o.a.m.s.f.DefaultMavenResourcesFiltering - Copying 0 resource from src\main\resources to target\classes
2025-09-02 16:48:38,637 [Worker-25: Building] INFO  o.a.m.s.f.DefaultMavenResourcesFiltering - skip non existing resourceDirectory D:\GoBhutan\microservices\hotel-service-admin\hotel-admin\src\test\resources
